0-1: /title><text>\'\'\'aa
1-2: page> <title>aa
8750-8751: page> <title>charlie_
8751-8752: page> <title>charlie_h
7500-7501: [[gastropod]] [[mollusk]] in the [[family (biology)|family]] [[calliostomatidae]].<ref name=\"worms\">
5000-5001: page> <title>beaufort
2-3: }</text> </page>	
6250-6251: page> <title>bonn
2500-2501: n\n{{persondata <!-- metadata: see [[wikipedia:persondata]]. -->\n
1250-1251: page> <title>alan_h
3750-3751: page> <title>atk
8752-8753: page> <title>charlie_
3-4: page> <title>a
5001-5002: page> <title>beau
2501-2502: /title><text>{{refimprove|date=
7501-7502: n| regnum = [[animal]]ia\n| phylum = [[mollusca]]\n| classis = [[gastropoda]]\n| unranked_superfamilia= clade [[vetigastropoda]]\n| superfamilia = [[trochoidea (superfamily)|trochoidea]]\n| familia = [[calliostomatidae]]\n| subfamilia = [[calliostomatinae]]\n| genus = \'\'[[calliostoma]]\'\'\n| subgenus =\n| species = \'\'\'\'\'c. 
1251-1252: /title><text>{{use dmy dates|date=july 2013}}\n
3751-3752: page> <title>at
8753-8754: page> <title>charlie_
6251-6252: page> <title>bonnie_b
8754-8755: page> <title>charlie_p
1252-1253: page> <title>alan_
3752-3753: page> <title>atlanta_
4-5: n|foundation = 19
3753-3754: </title><text>{{italictitle}}\n{{taxobox\n| name = \'\'atlanta
5002-5003: page> <title>beau
1253-1254: the [[university of 
2502-2503: page> <title>andrew_
7502-7503: n| regnum = [[animal]]ia\n| phylum = [[mollusca]]\n| classis = [[gastropoda]]\n| unranked_superfamilia= clade [[vetigastropoda]]\n| superfamilia = [[trochoidea (superfamily)|trochoidea]]\n| familia = [[calliostomatidae]]\n| subfamilia = [[calliostomatinae]]\n| genus = \'\'[[calliostoma]]\'\'\n| subgenus =\n| species = \'\'\'\'\'c. p
6252-6253: page> <title>bonnie_
3754-3755: page> <title>atlant
8755-8756: page> <title>charlie_
5003-5004: page> <title>beau
6253-6254: page> <title>bonnie_co
1254-1255: page> <title>alan_
5004-5005: page> <title>beaum
5-6: page> <title>abc_
2503-2504: page> <title>andrew
5005-5006: page> <title>beaumont_
3755-3756: page> <title>atlante
8756-8757: page> <title>charlie
6254-6255: page> <title>bonnie_
7503-7504: m</title><text>{{italic title}}\n{{taxobox\n| name = \'\'calliostoma pu
5006-5007: page> <title>beau
1255-1256: }\n\n{{persondata <!-- metadata: see [[wikipedia:persondata]]. -->\n| name              = 
6-7: page> <title>abc_
2504-2505: /title><text>{{infobox 
3756-3757: }\n\nthe \'\'\'atlant
8757-8758: page> <title>charl
6255-6256: page> <title>bonnie_d
7504-7505: /title><text>{{italic title}}\n{{taxobox\n| name = \'\'calliostoma 
5007-5008: n| name           = beautiful 
1256-1257: page> <title>alan_m
2505-2506: /title><text>{{infobox 
7-8: the [[australian broadcasting corporation]]
3757-3758: page> <title>atlantic_
8758-8759: page> <title>charlotte_
6256-6257: page> <title>bonnie_
7505-7506: n| regnum = [[animal]]ia\n| phylum = [[mollusca]]\n| classis = [[gastropoda]]\n| unranked_superfamilia= clade [[vetigastropoda]]\n| superfamilia = [[trochoidea (superfamily)|trochoidea]]\n| familia = [[calliostomatidae]]\n| subfamilia = [[calliostomatinae]]\n| genus = \'\'[[calliostoma]]\'\'\n| subgenus =\n| species = \'\'\'\'\'c. 
5008-5009: page> <title>beautiful_
1257-1258: page> <title>alan_m
7506-7507: i\'\'\n| image =\n| image_caption =\n| regnum = [[animal]]ia\n| phylum = [[mollusca]]\n| classis = [[gastropoda]]\n| unranked_superfamilia= clade [[vetigastropoda]]\n| superfamilia = [[
2506-2507: page> <title>andrey_
8-9: the [[australian broadcasting corporation]]
3758-3759: page> <title>atlantic_
8759-8760: page> <title>charlotte_br
6257-6258: page> <title>bonnie_
6258-6259: page> <title>bonnie
7507-7508: '\'\n| image =\n| image_caption =\n| regnum = [[animal]]ia\n| phylum = [[mollusca]]\n| classis = [[gastropoda]]\n| unranked_superfamilia= clade [[vetigastropoda]]\n| superfamilia = [[seguenzioidea]]\n| familia = [[calliotropidae]]\n| subfamilia =\n| genus = \'\'[[calliotropis]]\'\'\n| species = \'\'\'\'\'c. 
5009-5010: }\n\n\'\'\'\'\'beautiful 
6259-6260: page> <title>bon
1258-1259: page> <title>alan_m
6260-6261: page> <title>bon
6261-6262: page> <title>bo
2507-2508: page> <title>andrey_
7508-7509: page> <title>calli
9-10: [[australian broadcasting corporation]] 
3759-3760: page> <title>atlantic_
8760-8761: page> <title>charlotte_
1259-1260: page> <title>alan_
1260-1261: page> <title>alan_
5010-5011: /title><text>{{infobox 
1261-1262: page> <title>alan_
7509-7510: page> <title>calli
2508-2509: page> <title>andrey_
6262-6263: page> <title>boo
3760-3761: page> <title>atlantic_p
10-11: /title><text>{{infobox 
8761-8762: page> <title>charlotte_
11-12: page> <title>ab
7510-7511: n|regnum = [[plantae]]\n|unranked_divisio = [[angiosperm]]s\n|unranked_classis = [[eudicot]]s\n|unranked_ordo = [[rosid]]s\n|ordo = [[myrtales]]\n|familia = [[myrtaceae]]\n|genus = \'\'[[callistemon]]\'\'\n|species = \'\'\'\'\'c. 
5011-5012: page> <title>beaut
12-13: /title><text>\'\'\'ab
1262-1263: of [[prime minister of canada|prime minister]] [[brian mulroney]]
13-14: /title><text>\'\'\'a
14-15: page> <title>ac
3761-3762: page> <title>atlantic_
2509-2510: {infobox person\n| name       
15-16: page> <title>acc
16-17: n\n{{disambig}}</text> </page>	
7511-7512: n|regnum = [[plantae]]\n|unranked_divisio = [[angiosperm